# JRE version: Java(TM) SE Runtime Environment (8.0_92-b14) (build 1.8.0_92-b14)
# Java VM: Java HotSpot(TM) 64-Bit Server VM (25.92-b14 mixed mode windows-amd64 compressed oops)
Heap:
 PSYoungGen      total 329728K, used 157924K [0x00000000eab00000, 0x0000000100000000, 0x0000000100000000)
  eden space 312320K, 44% used [0x00000000eab00000,0x00000000f343fac0,0x00000000fdc00000)
  from space 17408K, 99% used [0x00000000fdc00000,0x00000000fecf97b0,0x00000000fed00000)
  to   space 19456K, 0% used [0x00000000fed00000,0x00000000fed00000,0x0000000100000000)
 ParOldGen       total 99840K, used 42917K [0x00000000c0000000, 0x00000000c6180000, 0x00000000eab00000)
  object space 99840K, 42% used [0x00000000c0000000,0x00000000c29e97b8,0x00000000c6180000)
 Metaspace       used 82524K, capacity 87310K, committed 87680K, reserved 1126400K
  class space    used 10132K, capacity 10748K, committed 10880K, reserved 1048576K
GC Heap History (10 events):
Event: 6352.219 GC heap before
{Heap before GC invocations=58 (full 16):
 PSYoungGen      total 310784K, used 304640K [0x00000000eab00000, 0x00000000ff980000, 0x0000000100000000)
  eden space 304640K, 100% used [0x00000000eab00000,0x00000000fd480000,0x00000000fd480000)
  from space 6144K, 0% used [0x00000000fd480000,0x00000000fd480000,0x00000000fda80000)
  to   space 18944K, 0% used [0x00000000fe700000,0x00000000fe700000,0x00000000ff980000)
 ParOldGen       total 99840K, used 37484K [0x00000000c0000000, 0x00000000c6180000, 0x00000000eab00000)
  object space 99840K, 37% used [0x00000000c0000000,0x00000000c249b010,0x00000000c6180000)
 Metaspace       used 71785K, capacity 76456K, committed 76672K, reserved 1116160K
  class space    used 9119K, capacity 9711K, committed 9856K, reserved 1048576K
Event: 6352.417 GC heap after
Heap after GC invocations=58 (full 16):
 PSYoungGen      total 323584K, used 10575K [0x00000000eab00000, 0x0000000100000000, 0x0000000100000000)
  eden space 304640K, 0% used [0x00000000eab00000,0x00000000eab00000,0x00000000fd480000)
  from space 18944K, 55% used [0x00000000fe700000,0x00000000ff153fe8,0x00000000ff980000)
  to   space 18944K, 0% used [0x00000000fd480000,0x00000000fd480000,0x00000000fe700000)
 ParOldGen       total 99840K, used 37492K [0x00000000c0000000, 0x00000000c6180000, 0x00000000eab00000)
  object space 99840K, 37% used [0x00000000c0000000,0x00000000c249d010,0x00000000c6180000)
 Metaspace       used 71785K, capacity 76456K, committed 76672K, reserved 1116160K
  class space    used 9119K, capacity 9711K, committed 9856K, reserved 1048576K
}
Event: 6353.228 GC heap before
{Heap before GC invocations=59 (full 16):
 PSYoungGen      total 323584K, used 90500K [0x00000000eab00000, 0x0000000100000000, 0x0000000100000000)
  eden space 304640K, 26% used [0x00000000eab00000,0x00000000ef90d1f8,0x00000000fd480000)
  from space 18944K, 55% used [0x00000000fe700000,0x00000000ff153fe8,0x00000000ff980000)
  to   space 18944K, 0% used [0x00000000fd480000,0x00000000fd480000,0x00000000fe700000)
 ParOldGen       total 99840K, used 37492K [0x00000000c0000000, 0x00000000c6180000, 0x00000000eab00000)
  object space 99840K, 37% used [0x00000000c0000000,0x00000000c249d010,0x00000000c6180000)
 Metaspace       used 71793K, capacity 76526K, committed 76672K, reserved 1116160K
  class space    used 9120K, capacity 9712K, committed 9856K, reserved 1048576K
Event: 6353.277 GC heap after
Heap after GC invocations=59 (full 16):
 PSYoungGen      total 323584K, used 6130K [0x00000000eab00000, 0x0000000100000000, 0x0000000100000000)
  eden space 304640K, 0% used [0x00000000eab00000,0x00000000eab00000,0x00000000fd480000)
  from space 18944K, 32% used [0x00000000fd480000,0x00000000fda7cb18,0x00000000fe700000)
  to   space 17920K, 0% used [0x00000000fee80000,0x00000000fee80000,0x0000000100000000)
 ParOldGen       total 99840K, used 37500K [0x00000000c0000000, 0x00000000c6180000, 0x00000000eab00000)
  object space 99840K, 37% used [0x00000000c0000000,0x00000000c249f010,0x00000000c6180000)
 Metaspace       used 71793K, capacity 76526K, committed 76672K, reserved 1116160K
  class space    used 9120K, capacity 9712K, committed 9856K, reserved 1048576K
}
Event: 6353.277 GC heap before
{Heap before GC invocations=60 (full 17):
 PSYoungGen      total 323584K, used 6130K [0x00000000eab00000, 0x0000000100000000, 0x0000000100000000)
  eden space 304640K, 0% used [0x00000000eab00000,0x00000000eab00000,0x00000000fd480000)
  from space 18944K, 32% used [0x00000000fd480000,0x00000000fda7cb18,0x00000000fe700000)
  to   space 17920K, 0% used [0x00000000fee80000,0x00000000fee80000,0x0000000100000000)
 ParOldGen       total 99840K, used 37500K [0x00000000c0000000, 0x00000000c6180000, 0x00000000eab00000)
  object space 99840K, 37% used [0x00000000c0000000,0x00000000c249f010,0x00000000c6180000)
 Metaspace       used 71793K, capacity 76526K, committed 76672K, reserved 1116160K
  class space    used 9120K, capacity 9712K, committed 9856K, reserved 1048576K
Event: 6354.520 GC heap after
Heap after GC invocations=60 (full 17):
 PSYoungGen      total 323584K, used 0K [0x00000000eab00000, 0x0000000100000000, 0x0000000100000000)
  eden space 304640K, 0% used [0x00000000eab00000,0x00000000eab00000,0x00000000fd480000)
  from space 18944K, 0% used [0x00000000fd480000,0x00000000fd480000,0x00000000fe700000)
  to   space 17920K, 0% used [0x00000000fee80000,0x00000000fee80000,0x0000000100000000)
 ParOldGen       total 99840K, used 37623K [0x00000000c0000000, 0x00000000c6180000, 0x00000000eab00000)
  object space 99840K, 37% used [0x00000000c0000000,0x00000000c24bde88,0x00000000c6180000)
 Metaspace       used 71740K, capacity 76350K, committed 76672K, reserved 1116160K
  class space    used 9106K, capacity 9696K, committed 9856K, reserved 1048576K
}
Event: 6393.315 GC heap before
{Heap before GC invocations=61 (full 17):
 PSYoungGen      total 323584K, used 304640K [0x00000000eab00000, 0x0000000100000000, 0x0000000100000000)
  eden space 304640K, 100% used [0x00000000eab00000,0x00000000fd480000,0x00000000fd480000)
  from space 18944K, 0% used [0x00000000fd480000,0x00000000fd480000,0x00000000fe700000)
  to   space 17920K, 0% used [0x00000000fee80000,0x00000000fee80000,0x0000000100000000)
 ParOldGen       total 99840K, used 37623K [0x00000000c0000000, 0x00000000c6180000, 0x00000000eab00000)
  object space 99840K, 37% used [0x00000000c0000000,0x00000000c24bde88,0x00000000c6180000)
 Metaspace       used 71964K, capacity 76702K, committed 76928K, reserved 1116160K
  class space    used 9120K, capacity 9706K, committed 9856K, reserved 1048576K
Event: 6393.375 GC heap after
Heap after GC invocations=61 (full 17):
 PSYoungGen      total 328192K, used 8384K [0x00000000eab00000, 0x00000000ffe00000, 0x0000000100000000)
  eden space 312320K, 0% used [0x00000000eab00000,0x00000000eab00000,0x00000000fdc00000)
  from space 15872K, 52% used [0x00000000fee80000,0x00000000ff6b0000,0x00000000ffe00000)
  to   space 17408K, 0% used [0x00000000fdc00000,0x00000000fdc00000,0x00000000fed00000)
 ParOldGen       total 99840K, used 37631K [0x00000000c0000000, 0x00000000c6180000, 0x00000000eab00000)
  object space 99840K, 37% used [0x00000000c0000000,0x00000000c24bfe88,0x00000000c6180000)
 Metaspace       used 71964K, capacity 76702K, committed 76928K, reserved 1116160K
  class space    used 9120K, capacity 9706K, committed 9856K, reserved 1048576K
}
Event: 6400.858 GC heap before
{Heap before GC invocations=62 (full 17):
 PSYoungGen      total 328192K, used 320704K [0x00000000eab00000, 0x00000000ffe00000, 0x0000000100000000)
  eden space 312320K, 100% used [0x00000000eab00000,0x00000000fdc00000,0x00000000fdc00000)
  from space 15872K, 52% used [0x00000000fee80000,0x00000000ff6b0000,0x00000000ffe00000)
  to   space 17408K, 0% used [0x00000000fdc00000,0x00000000fdc00000,0x00000000fed00000)
 ParOldGen       total 99840K, used 37631K [0x00000000c0000000, 0x00000000c6180000, 0x00000000eab00000)
  object space 99840K, 37% used [0x00000000c0000000,0x00000000c24bfe88,0x00000000c6180000)
 Metaspace       used 82450K, capacity 87228K, committed 87680K, reserved 1126400K
  class space    used 10131K, capacity 10745K, committed 10880K, reserved 1048576K
Event: 6401.010 GC heap after
Heap after GC invocations=62 (full 17):
 PSYoungGen      total 329728K, used 17381K [0x00000000eab00000, 0x0000000100000000, 0x0000000100000000)
  eden space 312320K, 0% used [0x00000000eab00000,0x00000000eab00000,0x00000000fdc00000)
  from space 17408K, 99% used [0x00000000fdc00000,0x00000000fecf97b0,0x00000000fed00000)
  to   space 19456K, 0% used [0x00000000fed00000,0x00000000fed00000,0x0000000100000000)
 ParOldGen       total 99840K, used 42917K [0x00000000c0000000, 0x00000000c6180000, 0x00000000eab00000)
  object space 99840K, 42% used [0x00000000c0000000,0x00000000c29e97b8,0x00000000c6180000)
 Metaspace       used 82450K, capacity 87228K, committed 87680K, reserved 1126400K
  class space    used 10131K, capacity 10745K, committed 10880K, reserved 1048576K
}

